Some weights of DistilBertForTokenClassification were not initialized from the model checkpoint at distilbert-base-uncased and are newly initialized: ['classifier.bias', 'classifier.weight']
You should probably TRAIN this model on a down-stream task to be able to use it for predictions and inference.

Epoch 1/3:   0%|          | 0/107 [00:00<?, ?it/s]
Epoch 1/3:   1%|          | 1/107 [00:01<02:00,  1.13s/it]
Epoch 1/3:   2%|▏         | 2/107 [00:01<01:09,  1.51it/s]
Epoch 1/3:   3%|▎         | 3/107 [00:01<00:55,  1.86it/s]
Epoch 1/3:   4%|▎         | 4/107 [00:02<00:47,  2.18it/s]
Epoch 1/3:   5%|▍         | 5/107 [00:02<00:43,  2.37it/s]
Epoch 1/3:   6%|▌         | 6/107 [00:02<00:40,  2.47it/s]
Epoch 1/3:   7%|▋         | 7/107 [00:03<00:41,  2.44it/s]
Epoch 1/3:   7%|▋         | 8/107 [00:03<00:40,  2.45it/s]
Epoch 1/3:   8%|▊         | 9/107 [00:04<00:40,  2.40it/s]
Epoch 1/3:   9%|▉         | 10/107 [00:04<00:40,  2.37it/s]
Epoch 1/3:  10%|█         | 11/107 [00:05<00:40,  2.35it/s]
Epoch 1/3:  11%|█         | 12/107 [00:05<00:39,  2.40it/s]
Epoch 1/3:  12%|█▏        | 13/107 [00:05<00:36,  2.54it/s]
Epoch 1/3:  13%|█▎        | 14/107 [00:06<00:38,  2.44it/s]
Epoch 1/3:  14%|█▍        | 15/107 [00:06<00:37,  2.48it/s]
Epoch 1/3:  15%|█▍        | 16/107 [00:06<00:34,  2.64it/s]
Epoch 1/3:  16%|█▌        | 17/107 [00:07<00:34,  2.64it/s]
Epoch 1/3:  17%|█▋        | 18/107 [00:07<00:33,  2.68it/s]
Epoch 1/3:  18%|█▊        | 19/107 [00:08<00:33,  2.65it/s]
Epoch 1/3:  19%|█▊        | 20/107 [00:08<00:30,  2.81it/s]
Epoch 1/3:  20%|█▉        | 21/107 [00:08<00:30,  2.84it/s]
Epoch 1/3:  21%|██        | 22/107 [00:08<00:27,  3.11it/s]
Epoch 1/3:  21%|██▏       | 23/107 [00:09<00:28,  2.95it/s]
Epoch 1/3:  22%|██▏       | 24/107 [00:09<00:28,  2.88it/s]
Epoch 1/3:  23%|██▎       | 25/107 [00:10<00:27,  3.00it/s]
Epoch 1/3:  24%|██▍       | 26/107 [00:10<00:29,  2.75it/s]
Epoch 1/3:  25%|██▌       | 27/107 [00:10<00:27,  2.93it/s]
Epoch 1/3:  26%|██▌       | 28/107 [00:11<00:27,  2.83it/s]
Epoch 1/3:  27%|██▋       | 29/107 [00:11<00:27,  2.86it/s]
Epoch 1/3:  28%|██▊       | 30/107 [00:11<00:27,  2.83it/s]
Epoch 1/3:  29%|██▉       | 31/107 [00:12<00:26,  2.86it/s]
Epoch 1/3:  30%|██▉       | 32/107 [00:12<00:26,  2.86it/s]
Epoch 1/3:  31%|███       | 33/107 [00:12<00:25,  2.86it/s]
Epoch 1/3:  32%|███▏      | 34/107 [00:13<00:25,  2.81it/s]
Epoch 1/3:  33%|███▎      | 35/107 [00:13<00:24,  2.93it/s]
Epoch 1/3:  34%|███▎      | 36/107 [00:13<00:24,  2.91it/s]
Epoch 1/3:  35%|███▍      | 37/107 [00:14<00:24,  2.89it/s]
Epoch 1/3:  36%|███▌      | 38/107 [00:14<00:24,  2.86it/s]
Epoch 1/3:  36%|███▋      | 39/107 [00:14<00:23,  2.84it/s]
Epoch 1/3:  37%|███▋      | 40/107 [00:15<00:23,  2.81it/s]
Epoch 1/3:  38%|███▊      | 41/107 [00:15<00:23,  2.81it/s]
Epoch 1/3:  39%|███▉      | 42/107 [00:16<00:22,  2.84it/s]
Epoch 1/3:  40%|████      | 43/107 [00:16<00:22,  2.83it/s]
Epoch 1/3:  41%|████      | 44/107 [00:16<00:21,  2.93it/s]
Epoch 1/3:  42%|████▏     | 45/107 [00:17<00:20,  2.98it/s]
Epoch 1/3:  43%|████▎     | 46/107 [00:17<00:20,  2.94it/s]
Epoch 1/3:  44%|████▍     | 47/107 [00:17<00:20,  2.95it/s]
Epoch 1/3:  45%|████▍     | 48/107 [00:18<00:19,  2.97it/s]
Epoch 1/3:  46%|████▌     | 49/107 [00:18<00:19,  2.96it/s]
Epoch 1/3:  47%|████▋     | 50/107 [00:18<00:19,  2.91it/s]
Epoch 1/3:  48%|████▊     | 51/107 [00:19<00:19,  2.93it/s]
Epoch 1/3:  49%|████▊     | 52/107 [00:19<00:19,  2.80it/s]
Epoch 1/3:  50%|████▉     | 53/107 [00:19<00:18,  2.87it/s]
Epoch 1/3:  50%|█████     | 54/107 [00:20<00:18,  2.83it/s]
Epoch 1/3:  51%|█████▏    | 55/107 [00:20<00:18,  2.82it/s]
Epoch 1/3:  52%|█████▏    | 56/107 [00:20<00:18,  2.82it/s]
Epoch 1/3:  53%|█████▎    | 57/107 [00:21<00:18,  2.73it/s]
Epoch 1/3:  54%|█████▍    | 58/107 [00:21<00:17,  2.79it/s]
Epoch 1/3:  55%|█████▌    | 59/107 [00:21<00:16,  2.89it/s]
Epoch 1/3:  56%|█████▌    | 60/107 [00:22<00:16,  2.84it/s]
Epoch 1/3:  57%|█████▋    | 61/107 [00:22<00:16,  2.83it/s]
Epoch 1/3:  58%|█████▊    | 62/107 [00:22<00:14,  3.10it/s]
Epoch 1/3:  59%|█████▉    | 63/107 [00:23<00:13,  3.19it/s]
Epoch 1/3:  60%|█████▉    | 64/107 [00:23<00:12,  3.34it/s]
Epoch 1/3:  61%|██████    | 65/107 [00:23<00:13,  3.08it/s]
Epoch 1/3:  62%|██████▏   | 66/107 [00:24<00:14,  2.88it/s]
Epoch 1/3:  63%|██████▎   | 67/107 [00:24<00:14,  2.77it/s]
Epoch 1/3:  64%|██████▎   | 68/107 [00:25<00:14,  2.68it/s]
Epoch 1/3:  64%|██████▍   | 69/107 [00:25<00:14,  2.61it/s]
Epoch 1/3:  65%|██████▌   | 70/107 [00:25<00:14,  2.56it/s]
Epoch 1/3:  66%|██████▋   | 71/107 [00:26<00:13,  2.61it/s]
Epoch 1/3:  67%|██████▋   | 72/107 [00:26<00:13,  2.54it/s]
Epoch 1/3:  68%|██████▊   | 73/107 [00:26<00:13,  2.60it/s]
Epoch 1/3:  69%|██████▉   | 74/107 [00:27<00:12,  2.68it/s]
Epoch 1/3:  70%|███████   | 75/107 [00:27<00:11,  2.77it/s]
Epoch 1/3:  71%|███████   | 76/107 [00:28<00:11,  2.72it/s]
Epoch 1/3:  72%|███████▏  | 77/107 [00:28<00:11,  2.71it/s]
Epoch 1/3:  73%|███████▎  | 78/107 [00:28<00:10,  2.66it/s]
Epoch 1/3:  74%|███████▍  | 79/107 [00:29<00:10,  2.65it/s]
Epoch 1/3:  75%|███████▍  | 80/107 [00:29<00:10,  2.60it/s]
Epoch 1/3:  76%|███████▌  | 81/107 [00:30<00:10,  2.57it/s]
Epoch 1/3:  77%|███████▋  | 82/107 [00:30<00:09,  2.60it/s]
Epoch 1/3:  78%|███████▊  | 83/107 [00:30<00:09,  2.63it/s]
Epoch 1/3:  79%|███████▊  | 84/107 [00:31<00:08,  2.68it/s]
Epoch 1/3:  79%|███████▉  | 85/107 [00:31<00:07,  2.82it/s]
Epoch 1/3:  80%|████████  | 86/107 [00:31<00:07,  2.84it/s]
Epoch 1/3:  81%|████████▏ | 87/107 [00:32<00:07,  2.86it/s]
Epoch 1/3:  82%|████████▏ | 88/107 [00:32<00:06,  2.78it/s]
Epoch 1/3:  83%|████████▎ | 89/107 [00:32<00:06,  2.82it/s]
Epoch 1/3:  84%|████████▍ | 90/107 [00:33<00:05,  3.07it/s]
Epoch 1/3:  85%|████████▌ | 91/107 [00:33<00:05,  2.98it/s]
Epoch 1/3:  86%|████████▌ | 92/107 [00:33<00:05,  2.92it/s]
Epoch 1/3:  87%|████████▋ | 93/107 [00:34<00:04,  2.96it/s]
Epoch 1/3:  88%|████████▊ | 94/107 [00:34<00:04,  2.94it/s]
Epoch 1/3:  89%|████████▉ | 95/107 [00:34<00:03,  3.03it/s]
Epoch 1/3:  90%|████████▉ | 96/107 [00:35<00:03,  2.98it/s]
Epoch 1/3:  91%|█████████ | 97/107 [00:35<00:03,  2.97it/s]
Epoch 1/3:  92%|█████████▏| 98/107 [00:35<00:03,  2.89it/s]
Epoch 1/3:  93%|█████████▎| 99/107 [00:36<00:02,  2.84it/s]
Epoch 1/3:  93%|█████████▎| 100/107 [00:36<00:02,  2.84it/s]
Epoch 1/3:  94%|█████████▍| 101/107 [00:36<00:02,  2.82it/s]
Epoch 1/3:  95%|█████████▌| 102/107 [00:37<00:01,  2.79it/s]
Epoch 1/3:  96%|█████████▋| 103/107 [00:37<00:01,  2.90it/s]
Epoch 1/3:  97%|█████████▋| 104/107 [00:37<00:01,  2.88it/s]
Epoch 1/3:  98%|█████████▊| 105/107 [00:38<00:00,  2.84it/s]
Epoch 1/3:  99%|█████████▉| 106/107 [00:38<00:00,  2.81it/s]
Epoch 1/3: 100%|██████████| 107/107 [00:38<00:00,  3.11it/s]
Epoch 1/3: 100%|██████████| 107/107 [00:38<00:00,  2.75it/s]
Epoch 1 average loss: 0.6827

Epoch 2/3:   0%|          | 0/107 [00:00<?, ?it/s]
Epoch 2/3:   1%|          | 1/107 [00:00<00:42,  2.50it/s]
Epoch 2/3:   2%|▏         | 2/107 [00:00<00:42,  2.44it/s]
Epoch 2/3:   3%|▎         | 3/107 [00:01<00:41,  2.50it/s]
Epoch 2/3:   4%|▎         | 4/107 [00:01<00:41,  2.47it/s]
Epoch 2/3:   5%|▍         | 5/107 [00:01<00:39,  2.60it/s]
Epoch 2/3:   6%|▌         | 6/107 [00:02<00:40,  2.52it/s]
Epoch 2/3:   7%|▋         | 7/107 [00:02<00:39,  2.51it/s]
Epoch 2/3:   7%|▋         | 8/107 [00:03<00:39,  2.50it/s]
Epoch 2/3:   8%|▊         | 9/107 [00:03<00:37,  2.60it/s]
Epoch 2/3:   9%|▉         | 10/107 [00:03<00:36,  2.67it/s]
Epoch 2/3:  10%|█         | 11/107 [00:04<00:35,  2.70it/s]
Epoch 2/3:  11%|█         | 12/107 [00:04<00:36,  2.60it/s]
Epoch 2/3:  12%|█▏        | 13/107 [00:05<00:35,  2.61it/s]
Epoch 2/3:  13%|█▎        | 14/107 [00:05<00:36,  2.54it/s]
Epoch 2/3:  14%|█▍        | 15/107 [00:05<00:36,  2.50it/s]
Epoch 2/3:  15%|█▍        | 16/107 [00:06<00:37,  2.46it/s]
Epoch 2/3:  16%|█▌        | 17/107 [00:06<00:36,  2.50it/s]
Epoch 2/3:  17%|█▋        | 18/107 [00:07<00:36,  2.43it/s]
Epoch 2/3:  18%|█▊        | 19/107 [00:07<00:36,  2.42it/s]
Epoch 2/3:  19%|█▊        | 20/107 [00:07<00:35,  2.44it/s]
Epoch 2/3:  20%|█▉        | 21/107 [00:08<00:33,  2.53it/s]
Epoch 2/3:  21%|██        | 22/107 [00:08<00:34,  2.46it/s]
Epoch 2/3:  21%|██▏       | 23/107 [00:09<00:34,  2.43it/s]
Epoch 2/3:  22%|██▏       | 24/107 [00:09<00:33,  2.47it/s]
Epoch 2/3:  23%|██▎       | 25/107 [00:09<00:33,  2.47it/s]
Epoch 2/3:  24%|██▍       | 26/107 [00:10<00:31,  2.56it/s]
Epoch 2/3:  25%|██▌       | 27/107 [00:10<00:31,  2.54it/s]
Epoch 2/3:  26%|██▌       | 28/107 [00:11<00:31,  2.55it/s]
Epoch 2/3:  27%|██▋       | 29/107 [00:11<00:30,  2.57it/s]
Epoch 2/3:  28%|██▊       | 30/107 [00:11<00:30,  2.51it/s]
Epoch 2/3:  29%|██▉       | 31/107 [00:12<00:30,  2.48it/s]
Epoch 2/3:  30%|██▉       | 32/107 [00:12<00:30,  2.48it/s]
Epoch 2/3:  31%|███       | 33/107 [00:13<00:30,  2.44it/s]
Epoch 2/3:  32%|███▏      | 34/107 [00:13<00:28,  2.55it/s]
Epoch 2/3:  33%|███▎      | 35/107 [00:13<00:28,  2.52it/s]
Epoch 2/3:  34%|███▎      | 36/107 [00:14<00:28,  2.51it/s]
Epoch 2/3:  35%|███▍      | 37/107 [00:14<00:25,  2.77it/s]
Epoch 2/3:  36%|███▌      | 38/107 [00:15<00:26,  2.64it/s]
Epoch 2/3:  36%|███▋      | 39/107 [00:15<00:25,  2.62it/s]
Epoch 2/3:  37%|███▋      | 40/107 [00:15<00:25,  2.64it/s]
Epoch 2/3:  38%|███▊      | 41/107 [00:16<00:25,  2.56it/s]
Epoch 2/3:  39%|███▉      | 42/107 [00:16<00:24,  2.61it/s]
Epoch 2/3:  40%|████      | 43/107 [00:16<00:24,  2.65it/s]
Epoch 2/3:  41%|████      | 44/107 [00:17<00:24,  2.58it/s]
Epoch 2/3:  42%|████▏     | 45/107 [00:17<00:24,  2.50it/s]
Epoch 2/3:  43%|████▎     | 46/107 [00:18<00:24,  2.44it/s]
Epoch 2/3:  44%|████▍     | 47/107 [00:18<00:22,  2.70it/s]
Epoch 2/3:  45%|████▍     | 48/107 [00:18<00:22,  2.61it/s]
Epoch 2/3:  46%|████▌     | 49/107 [00:19<00:22,  2.53it/s]
Epoch 2/3:  47%|████▋     | 50/107 [00:19<00:22,  2.49it/s]
Epoch 2/3:  48%|████▊     | 51/107 [00:20<00:22,  2.51it/s]
Epoch 2/3:  49%|████▊     | 52/107 [00:20<00:21,  2.54it/s]
Epoch 2/3:  50%|████▉     | 53/107 [00:20<00:20,  2.59it/s]
Epoch 2/3:  50%|█████     | 54/107 [00:21<00:18,  2.87it/s]
Epoch 2/3:  51%|█████▏    | 55/107 [00:21<00:18,  2.79it/s]
Epoch 2/3:  52%|█████▏    | 56/107 [00:21<00:18,  2.81it/s]
Epoch 2/3:  53%|█████▎    | 57/107 [00:22<00:17,  2.83it/s]
Epoch 2/3:  54%|█████▍    | 58/107 [00:22<00:17,  2.83it/s]
Epoch 2/3:  55%|█████▌    | 59/107 [00:22<00:17,  2.79it/s]
Epoch 2/3:  56%|█████▌    | 60/107 [00:23<00:16,  2.79it/s]
Epoch 2/3:  57%|█████▋    | 61/107 [00:23<00:15,  2.90it/s]
Epoch 2/3:  58%|█████▊    | 62/107 [00:23<00:15,  2.86it/s]
Epoch 2/3:  59%|█████▉    | 63/107 [00:24<00:15,  2.84it/s]
Epoch 2/3:  60%|█████▉    | 64/107 [00:24<00:15,  2.84it/s]
Epoch 2/3:  61%|██████    | 65/107 [00:25<00:14,  2.81it/s]
Epoch 2/3:  62%|██████▏   | 66/107 [00:25<00:14,  2.83it/s]
Epoch 2/3:  63%|██████▎   | 67/107 [00:25<00:14,  2.79it/s]
Epoch 2/3:  64%|██████▎   | 68/107 [00:26<00:14,  2.77it/s]
Epoch 2/3:  64%|██████▍   | 69/107 [00:26<00:13,  2.77it/s]
Epoch 2/3:  65%|██████▌   | 70/107 [00:26<00:13,  2.78it/s]
Epoch 2/3:  66%|██████▋   | 71/107 [00:27<00:12,  2.82it/s]
Epoch 2/3:  67%|██████▋   | 72/107 [00:27<00:12,  2.91it/s]
Epoch 2/3:  68%|██████▊   | 73/107 [00:27<00:11,  2.85it/s]
Epoch 2/3:  69%|██████▉   | 74/107 [00:28<00:11,  2.78it/s]
Epoch 2/3:  70%|███████   | 75/107 [00:28<00:11,  2.77it/s]
Epoch 2/3:  71%|███████   | 76/107 [00:28<00:11,  2.75it/s]
Epoch 2/3:  72%|███████▏  | 77/107 [00:29<00:10,  2.82it/s]
Epoch 2/3:  73%|███████▎  | 78/107 [00:29<00:10,  2.82it/s]
Epoch 2/3:  74%|███████▍  | 79/107 [00:30<00:09,  2.86it/s]
Epoch 2/3:  75%|███████▍  | 80/107 [00:30<00:09,  2.85it/s]
Epoch 2/3:  76%|███████▌  | 81/107 [00:30<00:09,  2.87it/s]
Epoch 2/3:  77%|███████▋  | 82/107 [00:31<00:08,  2.86it/s]
Epoch 2/3:  78%|███████▊  | 83/107 [00:31<00:08,  2.88it/s]
Epoch 2/3:  79%|███████▊  | 84/107 [00:31<00:07,  2.93it/s]
Epoch 2/3:  79%|███████▉  | 85/107 [00:31<00:07,  3.14it/s]
Epoch 2/3:  80%|████████  | 86/107 [00:32<00:07,  2.92it/s]
Epoch 2/3:  81%|████████▏ | 87/107 [00:32<00:07,  2.84it/s]
Epoch 2/3:  82%|████████▏ | 88/107 [00:33<00:06,  2.74it/s]
Epoch 2/3:  83%|████████▎ | 89/107 [00:33<00:06,  2.77it/s]
Epoch 2/3:  84%|████████▍ | 90/107 [00:33<00:06,  2.64it/s]
Epoch 2/3:  85%|████████▌ | 91/107 [00:34<00:06,  2.63it/s]
Epoch 2/3:  86%|████████▌ | 92/107 [00:34<00:05,  2.67it/s]
Epoch 2/3:  87%|████████▋ | 93/107 [00:35<00:05,  2.73it/s]
Epoch 2/3:  88%|████████▊ | 94/107 [00:35<00:04,  2.68it/s]
Epoch 2/3:  89%|████████▉ | 95/107 [00:35<00:04,  2.64it/s]
Epoch 2/3:  90%|████████▉ | 96/107 [00:36<00:04,  2.67it/s]
Epoch 2/3:  91%|█████████ | 97/107 [00:36<00:03,  2.60it/s]
Epoch 2/3:  92%|█████████▏| 98/107 [00:36<00:03,  2.63it/s]
Epoch 2/3:  93%|█████████▎| 99/107 [00:37<00:02,  2.70it/s]
Epoch 2/3:  93%|█████████▎| 100/107 [00:37<00:02,  2.63it/s]
Epoch 2/3:  94%|█████████▍| 101/107 [00:38<00:02,  2.64it/s]
Epoch 2/3:  95%|█████████▌| 102/107 [00:38<00:01,  2.57it/s]
Epoch 2/3:  96%|█████████▋| 103/107 [00:38<00:01,  2.62it/s]
Epoch 2/3:  97%|█████████▋| 104/107 [00:39<00:01,  2.60it/s]
Epoch 2/3:  98%|█████████▊| 105/107 [00:39<00:00,  2.58it/s]
Epoch 2/3:  99%|█████████▉| 106/107 [00:40<00:00,  2.50it/s]
Epoch 2/3: 100%|██████████| 107/107 [00:40<00:00,  2.95it/s]
Epoch 2/3: 100%|██████████| 107/107 [00:40<00:00,  2.66it/s]
Epoch 2 average loss: 0.0115

Epoch 3/3:   0%|          | 0/107 [00:00<?, ?it/s]
Epoch 3/3:   1%|          | 1/107 [00:00<00:44,  2.40it/s]
Epoch 3/3:   2%|▏         | 2/107 [00:00<00:41,  2.56it/s]
Epoch 3/3:   3%|▎         | 3/107 [00:01<00:41,  2.50it/s]
Epoch 3/3:   4%|▎         | 4/107 [00:01<00:38,  2.65it/s]
Epoch 3/3:   5%|▍         | 5/107 [00:01<00:38,  2.63it/s]
Epoch 3/3:   6%|▌         | 6/107 [00:02<00:38,  2.60it/s]
Epoch 3/3:   7%|▋         | 7/107 [00:02<00:38,  2.57it/s]
Epoch 3/3:   7%|▋         | 8/107 [00:03<00:37,  2.62it/s]
Epoch 3/3:   8%|▊         | 9/107 [00:03<00:38,  2.56it/s]
Epoch 3/3:   9%|▉         | 10/107 [00:03<00:38,  2.55it/s]
Epoch 3/3:  10%|█         | 11/107 [00:04<00:37,  2.58it/s]
Epoch 3/3:  11%|█         | 12/107 [00:04<00:37,  2.56it/s]
Epoch 3/3:  12%|█▏        | 13/107 [00:05<00:36,  2.55it/s]
Epoch 3/3:  13%|█▎        | 14/107 [00:05<00:36,  2.57it/s]
Epoch 3/3:  14%|█▍        | 15/107 [00:05<00:32,  2.79it/s]
Epoch 3/3:  15%|█▍        | 16/107 [00:06<00:31,  2.85it/s]
Epoch 3/3:  16%|█▌        | 17/107 [00:06<00:32,  2.79it/s]
Epoch 3/3:  17%|█▋        | 18/107 [00:06<00:32,  2.78it/s]
Epoch 3/3:  18%|█▊        | 19/107 [00:07<00:30,  2.90it/s]
Epoch 3/3:  19%|█▊        | 20/107 [00:07<00:29,  2.90it/s]
Epoch 3/3:  20%|█▉        | 21/107 [00:07<00:27,  3.15it/s]
Epoch 3/3:  21%|██        | 22/107 [00:08<00:28,  3.03it/s]
Epoch 3/3:  21%|██▏       | 23/107 [00:08<00:28,  2.97it/s]
Epoch 3/3:  22%|██▏       | 24/107 [00:08<00:28,  2.92it/s]
Epoch 3/3:  23%|██▎       | 25/107 [00:09<00:28,  2.88it/s]
Epoch 3/3:  24%|██▍       | 26/107 [00:09<00:28,  2.86it/s]
Epoch 3/3:  25%|██▌       | 27/107 [00:09<00:27,  2.87it/s]
Epoch 3/3:  26%|██▌       | 28/107 [00:10<00:25,  3.11it/s]
Epoch 3/3:  27%|██▋       | 29/107 [00:10<00:23,  3.34it/s]
Epoch 3/3:  28%|██▊       | 30/107 [00:10<00:25,  3.06it/s]
Epoch 3/3:  29%|██▉       | 31/107 [00:11<00:26,  2.89it/s]
Epoch 3/3:  30%|██▉       | 32/107 [00:11<00:26,  2.84it/s]
Epoch 3/3:  31%|███       | 33/107 [00:11<00:26,  2.81it/s]
Epoch 3/3:  32%|███▏      | 34/107 [00:12<00:25,  2.84it/s]
Epoch 3/3:  33%|███▎      | 35/107 [00:12<00:24,  2.94it/s]
Epoch 3/3:  34%|███▎      | 36/107 [00:12<00:24,  2.89it/s]
Epoch 3/3:  35%|███▍      | 37/107 [00:13<00:25,  2.75it/s]
Epoch 3/3:  36%|███▌      | 38/107 [00:13<00:23,  2.90it/s]
Epoch 3/3:  36%|███▋      | 39/107 [00:13<00:23,  2.84it/s]
Epoch 3/3:  37%|███▋      | 40/107 [00:14<00:22,  2.95it/s]
Epoch 3/3:  38%|███▊      | 41/107 [00:14<00:22,  2.94it/s]
Epoch 3/3:  39%|███▉      | 42/107 [00:14<00:21,  3.01it/s]
Epoch 3/3:  40%|████      | 43/107 [00:15<00:22,  2.83it/s]
Epoch 3/3:  41%|████      | 44/107 [00:15<00:23,  2.74it/s]
Epoch 3/3:  42%|████▏     | 45/107 [00:16<00:23,  2.66it/s]
Epoch 3/3:  43%|████▎     | 46/107 [00:16<00:22,  2.68it/s]
Epoch 3/3:  44%|████▍     | 47/107 [00:16<00:23,  2.60it/s]
Epoch 3/3:  45%|████▍     | 48/107 [00:17<00:23,  2.50it/s]
Epoch 3/3:  46%|████▌     | 49/107 [00:17<00:23,  2.49it/s]
Epoch 3/3:  47%|████▋     | 50/107 [00:18<00:22,  2.51it/s]
Epoch 3/3:  48%|████▊     | 51/107 [00:18<00:22,  2.52it/s]
Epoch 3/3:  49%|████▊     | 52/107 [00:18<00:22,  2.47it/s]
Epoch 3/3:  50%|████▉     | 53/107 [00:19<00:22,  2.43it/s]
Epoch 3/3:  50%|█████     | 54/107 [00:19<00:21,  2.41it/s]
Epoch 3/3:  51%|█████▏    | 55/107 [00:20<00:21,  2.46it/s]
Epoch 3/3:  52%|█████▏    | 56/107 [00:20<00:20,  2.46it/s]
Epoch 3/3:  53%|█████▎    | 57/107 [00:20<00:20,  2.46it/s]
Epoch 3/3:  54%|█████▍    | 58/107 [00:21<00:19,  2.50it/s]
Epoch 3/3:  55%|█████▌    | 59/107 [00:21<00:17,  2.71it/s]
Epoch 3/3:  56%|█████▌    | 60/107 [00:22<00:17,  2.63it/s]
Epoch 3/3:  57%|█████▋    | 61/107 [00:22<00:17,  2.57it/s]
Epoch 3/3:  58%|█████▊    | 62/107 [00:22<00:16,  2.80it/s]
Epoch 3/3:  59%|█████▉    | 63/107 [00:23<00:16,  2.68it/s]
Epoch 3/3:  60%|█████▉    | 64/107 [00:23<00:16,  2.60it/s]
Epoch 3/3:  61%|██████    | 65/107 [00:24<00:16,  2.50it/s]
Epoch 3/3:  62%|██████▏   | 66/107 [00:24<00:16,  2.48it/s]
Epoch 3/3:  63%|██████▎   | 67/107 [00:24<00:15,  2.51it/s]
Epoch 3/3:  64%|██████▎   | 68/107 [00:25<00:15,  2.52it/s]
Epoch 3/3:  64%|██████▍   | 69/107 [00:25<00:13,  2.78it/s]
Epoch 3/3:  65%|██████▌   | 70/107 [00:25<00:13,  2.65it/s]
Epoch 3/3:  66%|██████▋   | 71/107 [00:26<00:13,  2.60it/s]
Epoch 3/3:  67%|██████▋   | 72/107 [00:26<00:13,  2.54it/s]
Epoch 3/3:  68%|██████▊   | 73/107 [00:27<00:13,  2.55it/s]
Epoch 3/3:  69%|██████▉   | 74/107 [00:27<00:13,  2.50it/s]
Epoch 3/3:  70%|███████   | 75/107 [00:27<00:12,  2.65it/s]
Epoch 3/3:  71%|███████   | 76/107 [00:28<00:11,  2.67it/s]
Epoch 3/3:  72%|███████▏  | 77/107 [00:28<00:11,  2.72it/s]
Epoch 3/3:  73%|███████▎  | 78/107 [00:28<00:10,  2.72it/s]
Epoch 3/3:  74%|███████▍  | 79/107 [00:29<00:10,  2.75it/s]
Epoch 3/3:  75%|███████▍  | 80/107 [00:29<00:09,  2.77it/s]
Epoch 3/3:  76%|███████▌  | 81/107 [00:29<00:08,  2.93it/s]
Epoch 3/3:  77%|███████▋  | 82/107 [00:30<00:08,  2.97it/s]
Epoch 3/3:  78%|███████▊  | 83/107 [00:30<00:08,  2.89it/s]
Epoch 3/3:  79%|███████▊  | 84/107 [00:30<00:07,  2.88it/s]
Epoch 3/3:  79%|███████▉  | 85/107 [00:31<00:07,  3.01it/s]
Epoch 3/3:  80%|████████  | 86/107 [00:31<00:07,  2.95it/s]
Epoch 3/3:  81%|████████▏ | 87/107 [00:32<00:06,  2.90it/s]
Epoch 3/3:  82%|████████▏ | 88/107 [00:32<00:06,  2.86it/s]
Epoch 3/3:  83%|████████▎ | 89/107 [00:32<00:06,  2.76it/s]
Epoch 3/3:  84%|████████▍ | 90/107 [00:33<00:05,  3.03it/s]
Epoch 3/3:  85%|████████▌ | 91/107 [00:33<00:05,  3.00it/s]
Epoch 3/3:  86%|████████▌ | 92/107 [00:33<00:05,  2.95it/s]
Epoch 3/3:  87%|████████▋ | 93/107 [00:34<00:04,  2.91it/s]
Epoch 3/3:  88%|████████▊ | 94/107 [00:34<00:04,  2.92it/s]
Epoch 3/3:  89%|████████▉ | 95/107 [00:34<00:04,  2.84it/s]
Epoch 3/3:  90%|████████▉ | 96/107 [00:35<00:03,  2.81it/s]
Epoch 3/3:  91%|█████████ | 97/107 [00:35<00:03,  2.85it/s]
Epoch 3/3:  92%|█████████▏| 98/107 [00:35<00:03,  2.88it/s]
Epoch 3/3:  93%|█████████▎| 99/107 [00:36<00:02,  2.71it/s]
Epoch 3/3:  93%|█████████▎| 100/107 [00:36<00:02,  2.63it/s]
Epoch 3/3:  94%|█████████▍| 101/107 [00:37<00:02,  2.67it/s]
Epoch 3/3:  95%|█████████▌| 102/107 [00:37<00:01,  2.73it/s]
Epoch 3/3:  96%|█████████▋| 103/107 [00:37<00:01,  2.62it/s]
Epoch 3/3:  97%|█████████▋| 104/107 [00:38<00:01,  2.55it/s]
Epoch 3/3:  98%|█████████▊| 105/107 [00:38<00:00,  2.48it/s]
Epoch 3/3:  99%|█████████▉| 106/107 [00:39<00:00,  2.42it/s]
Epoch 3/3: 100%|██████████| 107/107 [00:39<00:00,  2.76it/s]
Epoch 3/3: 100%|██████████| 107/107 [00:39<00:00,  2.72it/s]
Epoch 3 average loss: 0.007
Saved model + tokenizer to out
Wrote predictions for 10 utterances to out/dev_pred.json
Per-entity metrics:
CITY            P=1.000 R=1.000 F1=1.000
DATE            P=1.000 R=1.000 F1=1.000
EMAIL           P=1.000 R=1.000 F1=1.000
LOCATION        P=1.000 R=1.000 F1=1.000
PERSON_NAME     P=1.000 R=1.000 F1=1.000
PHONE           P=1.000 R=1.000 F1=1.000

Macro-F1: 1.000

PII-only metrics: P=1.000 R=1.000 F1=1.000
Non-PII metrics: P=1.000 R=1.000 F1=1.000
Wrote predictions for 100 utterances to out/stress_pred.json
Per-entity metrics:
CITY            P=1.000 R=1.000 F1=1.000
CREDIT_CARD     P=0.000 R=0.000 F1=0.000
DATE            P=1.000 R=1.000 F1=1.000
EMAIL           P=0.125 R=0.125 F1=0.125
PERSON_NAME     P=0.325 R=1.000 F1=0.491
PHONE           P=0.333 R=1.000 F1=0.500

Macro-F1: 0.519

PII-only metrics: P=0.511 R=0.825 F1=0.631
Non-PII metrics: P=0.519 R=1.000 F1=0.684
