Some weights of RobertaForTokenClassification were not initialized from the model checkpoint at distilroberta-base and are newly initialized: ['classifier.bias', 'classifier.weight']
You should probably TRAIN this model on a down-stream task to be able to use it for predictions and inference.

Epoch 1/5:   0%|          | 0/86 [00:00<?, ?it/s]
Epoch 1/5:   1%|          | 1/86 [00:01<02:31,  1.79s/it]
Epoch 1/5:   5%|▍         | 4/86 [00:01<00:30,  2.67it/s]
Epoch 1/5:   7%|▋         | 6/86 [00:02<00:18,  4.27it/s]
Epoch 1/5:  10%|█         | 9/86 [00:02<00:11,  6.87it/s]
Epoch 1/5:  13%|█▎        | 11/86 [00:02<00:08,  8.62it/s]
Epoch 1/5:  16%|█▋        | 14/86 [00:02<00:06, 11.18it/s]
Epoch 1/5:  20%|█▉        | 17/86 [00:02<00:05, 13.47it/s]
Epoch 1/5:  22%|██▏       | 19/86 [00:02<00:04, 14.43it/s]
Epoch 1/5:  26%|██▌       | 22/86 [00:02<00:03, 16.20it/s]
Epoch 1/5:  28%|██▊       | 24/86 [00:02<00:03, 16.63it/s]
Epoch 1/5:  30%|███       | 26/86 [00:03<00:03, 16.99it/s]
Epoch 1/5:  33%|███▎      | 28/86 [00:03<00:03, 17.58it/s]
Epoch 1/5:  36%|███▌      | 31/86 [00:03<00:02, 18.50it/s]
Epoch 1/5:  40%|███▉      | 34/86 [00:03<00:02, 19.15it/s]
Epoch 1/5:  43%|████▎     | 37/86 [00:03<00:02, 19.59it/s]
Epoch 1/5:  45%|████▌     | 39/86 [00:03<00:02, 19.58it/s]
Epoch 1/5:  48%|████▊     | 41/86 [00:03<00:02, 19.26it/s]
Epoch 1/5:  50%|█████     | 43/86 [00:03<00:02, 19.01it/s]
Epoch 1/5:  52%|█████▏    | 45/86 [00:04<00:02, 18.98it/s]
Epoch 1/5:  55%|█████▍    | 47/86 [00:04<00:02, 19.11it/s]
Epoch 1/5:  58%|█████▊    | 50/86 [00:04<00:01, 19.54it/s]
Epoch 1/5:  60%|██████    | 52/86 [00:04<00:01, 19.37it/s]
Epoch 1/5:  64%|██████▍   | 55/86 [00:04<00:01, 19.92it/s]
Epoch 1/5:  66%|██████▋   | 57/86 [00:04<00:01, 19.49it/s]
Epoch 1/5:  69%|██████▊   | 59/86 [00:04<00:01, 19.08it/s]
Epoch 1/5:  72%|███████▏  | 62/86 [00:04<00:01, 19.48it/s]
Epoch 1/5:  76%|███████▌  | 65/86 [00:05<00:01, 19.82it/s]
Epoch 1/5:  78%|███████▊  | 67/86 [00:05<00:00, 19.72it/s]
Epoch 1/5:  81%|████████▏ | 70/86 [00:05<00:00, 20.29it/s]
Epoch 1/5:  85%|████████▍ | 73/86 [00:05<00:00, 20.05it/s]
Epoch 1/5:  87%|████████▋ | 75/86 [00:05<00:00, 19.88it/s]
Epoch 1/5:  90%|████████▉ | 77/86 [00:05<00:00, 19.67it/s]
Epoch 1/5:  92%|█████████▏| 79/86 [00:05<00:00, 19.67it/s]
Epoch 1/5:  94%|█████████▍| 81/86 [00:05<00:00, 19.44it/s]
Epoch 1/5:  98%|█████████▊| 84/86 [00:05<00:00, 19.71it/s]
Epoch 1/5: 100%|██████████| 86/86 [00:06<00:00, 14.13it/s]
Epoch 1 average loss: 1.0912

Epoch 2/5:   0%|          | 0/86 [00:00<?, ?it/s]
Epoch 2/5:   2%|▏         | 2/86 [00:00<00:04, 19.55it/s]
Epoch 2/5:   5%|▍         | 4/86 [00:00<00:04, 19.71it/s]
Epoch 2/5:   7%|▋         | 6/86 [00:00<00:04, 19.07it/s]
Epoch 2/5:   9%|▉         | 8/86 [00:00<00:04, 19.38it/s]
Epoch 2/5:  13%|█▎        | 11/86 [00:00<00:03, 19.84it/s]
Epoch 2/5:  16%|█▋        | 14/86 [00:00<00:03, 20.29it/s]
Epoch 2/5:  20%|█▉        | 17/86 [00:00<00:03, 19.89it/s]
Epoch 2/5:  22%|██▏       | 19/86 [00:00<00:03, 19.83it/s]
Epoch 2/5:  26%|██▌       | 22/86 [00:01<00:03, 19.93it/s]
Epoch 2/5:  28%|██▊       | 24/86 [00:01<00:03, 19.84it/s]
Epoch 2/5:  30%|███       | 26/86 [00:01<00:03, 19.83it/s]
Epoch 2/5:  34%|███▎      | 29/86 [00:01<00:02, 20.04it/s]
Epoch 2/5:  37%|███▋      | 32/86 [00:01<00:02, 19.89it/s]
Epoch 2/5:  41%|████      | 35/86 [00:01<00:02, 20.38it/s]
Epoch 2/5:  44%|████▍     | 38/86 [00:01<00:02, 19.80it/s]
Epoch 2/5:  47%|████▋     | 40/86 [00:02<00:02, 19.64it/s]
Epoch 2/5:  49%|████▉     | 42/86 [00:02<00:02, 19.28it/s]
Epoch 2/5:  51%|█████     | 44/86 [00:02<00:02, 19.34it/s]
Epoch 2/5:  53%|█████▎    | 46/86 [00:02<00:02, 19.17it/s]
Epoch 2/5:  57%|█████▋    | 49/86 [00:02<00:01, 19.53it/s]
Epoch 2/5:  60%|██████    | 52/86 [00:02<00:01, 20.05it/s]
Epoch 2/5:  64%|██████▍   | 55/86 [00:02<00:01, 20.00it/s]
Epoch 2/5:  66%|██████▋   | 57/86 [00:02<00:01, 19.75it/s]
Epoch 2/5:  70%|██████▉   | 60/86 [00:03<00:01, 19.73it/s]
Epoch 2/5:  73%|███████▎  | 63/86 [00:03<00:01, 19.79it/s]
Epoch 2/5:  76%|███████▌  | 65/86 [00:03<00:01, 19.53it/s]
Epoch 2/5:  79%|███████▉  | 68/86 [00:03<00:00, 20.12it/s]
Epoch 2/5:  83%|████████▎ | 71/86 [00:03<00:00, 19.88it/s]
Epoch 2/5:  85%|████████▍ | 73/86 [00:03<00:00, 19.85it/s]
Epoch 2/5:  87%|████████▋ | 75/86 [00:03<00:00, 19.63it/s]
Epoch 2/5:  91%|█████████ | 78/86 [00:03<00:00, 19.88it/s]
Epoch 2/5:  94%|█████████▍| 81/86 [00:04<00:00, 19.61it/s]
Epoch 2/5:  97%|█████████▋| 83/86 [00:04<00:00, 19.64it/s]
Epoch 2/5: 100%|██████████| 86/86 [00:04<00:00, 20.07it/s]
Epoch 2/5: 100%|██████████| 86/86 [00:04<00:00, 19.80it/s]
Epoch 2 average loss: 0.0199

Epoch 3/5:   0%|          | 0/86 [00:00<?, ?it/s]
Epoch 3/5:   2%|▏         | 2/86 [00:00<00:04, 17.55it/s]
Epoch 3/5:   5%|▍         | 4/86 [00:00<00:04, 18.29it/s]
Epoch 3/5:   8%|▊         | 7/86 [00:00<00:04, 19.10it/s]
Epoch 3/5:  10%|█         | 9/86 [00:00<00:03, 19.25it/s]
Epoch 3/5:  13%|█▎        | 11/86 [00:00<00:03, 19.36it/s]
Epoch 3/5:  15%|█▌        | 13/86 [00:00<00:03, 19.42it/s]
Epoch 3/5:  19%|█▊        | 16/86 [00:00<00:03, 19.83it/s]
Epoch 3/5:  21%|██        | 18/86 [00:00<00:03, 19.84it/s]
Epoch 3/5:  23%|██▎       | 20/86 [00:01<00:03, 19.55it/s]
Epoch 3/5:  27%|██▋       | 23/86 [00:01<00:03, 19.79it/s]
Epoch 3/5:  29%|██▉       | 25/86 [00:01<00:03, 19.56it/s]
Epoch 3/5:  33%|███▎      | 28/86 [00:01<00:02, 19.77it/s]
Epoch 3/5:  35%|███▍      | 30/86 [00:01<00:02, 19.52it/s]
Epoch 3/5:  38%|███▊      | 33/86 [00:01<00:02, 20.31it/s]
Epoch 3/5:  42%|████▏     | 36/86 [00:01<00:02, 20.41it/s]
Epoch 3/5:  45%|████▌     | 39/86 [00:01<00:02, 19.78it/s]
Epoch 3/5:  48%|████▊     | 41/86 [00:02<00:02, 19.50it/s]
Epoch 3/5:  50%|█████     | 43/86 [00:02<00:02, 19.29it/s]
Epoch 3/5:  53%|█████▎    | 46/86 [00:02<00:02, 19.69it/s]
Epoch 3/5:  57%|█████▋    | 49/86 [00:02<00:01, 20.42it/s]
Epoch 3/5:  60%|██████    | 52/86 [00:02<00:01, 19.97it/s]
Epoch 3/5:  63%|██████▎   | 54/86 [00:02<00:01, 19.82it/s]
Epoch 3/5:  65%|██████▌   | 56/86 [00:02<00:01, 19.82it/s]
Epoch 3/5:  69%|██████▊   | 59/86 [00:02<00:01, 19.78it/s]
Epoch 3/5:  72%|███████▏  | 62/86 [00:03<00:01, 19.74it/s]
Epoch 3/5:  76%|███████▌  | 65/86 [00:03<00:01, 20.05it/s]
Epoch 3/5:  79%|███████▉  | 68/86 [00:03<00:00, 20.14it/s]
Epoch 3/5:  83%|████████▎ | 71/86 [00:03<00:00, 19.76it/s]
Epoch 3/5:  85%|████████▍ | 73/86 [00:03<00:00, 19.80it/s]
Epoch 3/5:  88%|████████▊ | 76/86 [00:03<00:00, 20.10it/s]
Epoch 3/5:  92%|█████████▏| 79/86 [00:03<00:00, 19.97it/s]
Epoch 3/5:  95%|█████████▌| 82/86 [00:04<00:00, 20.83it/s]
Epoch 3/5:  99%|█████████▉| 85/86 [00:04<00:00, 20.40it/s]
Epoch 3/5: 100%|██████████| 86/86 [00:04<00:00, 19.85it/s]
Epoch 3 average loss: 0.0063

Epoch 4/5:   0%|          | 0/86 [00:00<?, ?it/s]
Epoch 4/5:   2%|▏         | 2/86 [00:00<00:04, 17.69it/s]
Epoch 4/5:   6%|▌         | 5/86 [00:00<00:04, 19.64it/s]
Epoch 4/5:   8%|▊         | 7/86 [00:00<00:04, 19.21it/s]
Epoch 4/5:  12%|█▏        | 10/86 [00:00<00:03, 19.61it/s]
Epoch 4/5:  15%|█▌        | 13/86 [00:00<00:03, 20.10it/s]
Epoch 4/5:  17%|█▋        | 15/86 [00:00<00:03, 19.89it/s]
Epoch 4/5:  20%|█▉        | 17/86 [00:00<00:03, 19.81it/s]
Epoch 4/5:  22%|██▏       | 19/86 [00:00<00:03, 19.17it/s]
Epoch 4/5:  26%|██▌       | 22/86 [00:01<00:03, 19.75it/s]
Epoch 4/5:  28%|██▊       | 24/86 [00:01<00:03, 19.66it/s]
Epoch 4/5:  30%|███       | 26/86 [00:01<00:03, 19.65it/s]
Epoch 4/5:  33%|███▎      | 28/86 [00:01<00:02, 19.62it/s]
Epoch 4/5:  36%|███▌      | 31/86 [00:01<00:02, 20.18it/s]
Epoch 4/5:  40%|███▉      | 34/86 [00:01<00:02, 19.80it/s]
Epoch 4/5:  43%|████▎     | 37/86 [00:01<00:02, 20.13it/s]
Epoch 4/5:  47%|████▋     | 40/86 [00:02<00:02, 20.07it/s]
Epoch 4/5:  50%|█████     | 43/86 [00:02<00:02, 19.91it/s]
Epoch 4/5:  52%|█████▏    | 45/86 [00:02<00:02, 19.82it/s]
Epoch 4/5:  56%|█████▌    | 48/86 [00:02<00:01, 20.17it/s]
Epoch 4/5:  59%|█████▉    | 51/86 [00:02<00:01, 19.99it/s]
Epoch 4/5:  62%|██████▏   | 53/86 [00:02<00:01, 19.75it/s]
Epoch 4/5:  65%|██████▌   | 56/86 [00:02<00:01, 19.91it/s]
Epoch 4/5:  67%|██████▋   | 58/86 [00:02<00:01, 19.87it/s]
Epoch 4/5:  71%|███████   | 61/86 [00:03<00:01, 19.83it/s]
Epoch 4/5:  74%|███████▍  | 64/86 [00:03<00:01, 19.85it/s]
Epoch 4/5:  77%|███████▋  | 66/86 [00:03<00:01, 19.48it/s]
Epoch 4/5:  79%|███████▉  | 68/86 [00:03<00:00, 19.39it/s]
Epoch 4/5:  81%|████████▏ | 70/86 [00:03<00:00, 19.43it/s]
Epoch 4/5:  84%|████████▎ | 72/86 [00:03<00:00, 19.43it/s]
Epoch 4/5:  86%|████████▌ | 74/86 [00:03<00:00, 19.42it/s]
Epoch 4/5:  88%|████████▊ | 76/86 [00:03<00:00, 19.29it/s]
Epoch 4/5:  92%|█████████▏| 79/86 [00:03<00:00, 20.53it/s]
Epoch 4/5:  95%|█████████▌| 82/86 [00:04<00:00, 20.07it/s]
Epoch 4/5:  99%|█████████▉| 85/86 [00:04<00:00, 19.47it/s]
Epoch 4/5: 100%|██████████| 86/86 [00:04<00:00, 19.71it/s]
Epoch 4 average loss: 0.0040

Epoch 5/5:   0%|          | 0/86 [00:00<?, ?it/s]
Epoch 5/5:   2%|▏         | 2/86 [00:00<00:04, 19.87it/s]
Epoch 5/5:   6%|▌         | 5/86 [00:00<00:04, 20.18it/s]
Epoch 5/5:   9%|▉         | 8/86 [00:00<00:03, 20.50it/s]
Epoch 5/5:  13%|█▎        | 11/86 [00:00<00:03, 21.03it/s]
Epoch 5/5:  16%|█▋        | 14/86 [00:00<00:03, 20.32it/s]
Epoch 5/5:  20%|█▉        | 17/86 [00:00<00:03, 19.71it/s]
Epoch 5/5:  22%|██▏       | 19/86 [00:00<00:03, 19.43it/s]
Epoch 5/5:  24%|██▍       | 21/86 [00:01<00:03, 19.23it/s]
Epoch 5/5:  27%|██▋       | 23/86 [00:01<00:03, 19.19it/s]
Epoch 5/5:  30%|███       | 26/86 [00:01<00:03, 19.87it/s]
Epoch 5/5:  34%|███▎      | 29/86 [00:01<00:02, 20.15it/s]
Epoch 5/5:  37%|███▋      | 32/86 [00:01<00:02, 19.74it/s]
Epoch 5/5:  40%|███▉      | 34/86 [00:01<00:02, 19.67it/s]
Epoch 5/5:  42%|████▏     | 36/86 [00:01<00:02, 19.61it/s]
Epoch 5/5:  44%|████▍     | 38/86 [00:01<00:02, 19.56it/s]
Epoch 5/5:  48%|████▊     | 41/86 [00:02<00:02, 19.82it/s]
Epoch 5/5:  51%|█████     | 44/86 [00:02<00:02, 20.38it/s]
Epoch 5/5:  55%|█████▍    | 47/86 [00:02<00:01, 20.12it/s]
Epoch 5/5:  58%|█████▊    | 50/86 [00:02<00:01, 19.59it/s]
Epoch 5/5:  60%|██████    | 52/86 [00:02<00:01, 19.53it/s]
Epoch 5/5:  64%|██████▍   | 55/86 [00:02<00:01, 19.85it/s]
Epoch 5/5:  67%|██████▋   | 58/86 [00:02<00:01, 19.96it/s]
Epoch 5/5:  71%|███████   | 61/86 [00:03<00:01, 20.22it/s]
Epoch 5/5:  74%|███████▍  | 64/86 [00:03<00:01, 20.07it/s]
Epoch 5/5:  78%|███████▊  | 67/86 [00:03<00:00, 19.93it/s]
Epoch 5/5:  81%|████████▏ | 70/86 [00:03<00:00, 20.09it/s]
Epoch 5/5:  85%|████████▍ | 73/86 [00:03<00:00, 19.96it/s]
Epoch 5/5:  88%|████████▊ | 76/86 [00:03<00:00, 20.14it/s]
Epoch 5/5:  92%|█████████▏| 79/86 [00:03<00:00, 19.93it/s]
Epoch 5/5:  94%|█████████▍| 81/86 [00:04<00:00, 19.47it/s]
Epoch 5/5:  97%|█████████▋| 83/86 [00:04<00:00, 19.33it/s]
Epoch 5/5:  99%|█████████▉| 85/86 [00:04<00:00, 19.28it/s]
Epoch 5/5: 100%|██████████| 86/86 [00:04<00:00, 19.83it/s]
Epoch 5 average loss: 0.0036
Saved model + tokenizer to out
Wrote predictions for 172 utterances to out/dev_pred.json
Per-entity metrics:
CITY            P=1.000 R=1.000 F1=1.000
CREDIT_CARD     P=1.000 R=1.000 F1=1.000
DATE            P=1.000 R=1.000 F1=1.000
EMAIL           P=1.000 R=1.000 F1=1.000
LOCATION        P=1.000 R=1.000 F1=1.000
PERSON_NAME     P=1.000 R=1.000 F1=1.000
PHONE           P=1.000 R=1.000 F1=1.000

Macro-F1: 1.000

PII-only metrics: P=1.000 R=1.000 F1=1.000
Non-PII metrics: P=1.000 R=1.000 F1=1.000
Latency over 50 runs (batch_size=1):
  p50: 7.66 ms
  p95: 8.21 ms
Wrote predictions for 100 utterances to out/stress_pred.json
Per-entity metrics:
CITY            P=1.000 R=1.000 F1=1.000
CREDIT_CARD     P=0.256 R=0.550 F1=0.349
DATE            P=1.000 R=1.000 F1=1.000
EMAIL           P=1.000 R=1.000 F1=1.000
PERSON_NAME     P=0.333 R=1.000 F1=0.500
PHONE           P=0.105 R=0.225 F1=0.143

Macro-F1: 0.665

PII-only metrics: P=0.446 R=0.830 F1=0.580
Non-PII metrics: P=0.500 R=1.000 F1=0.667
Latency over 50 runs (batch_size=1):
  p50: 7.70 ms
  p95: 7.98 ms
