Some weights of RobertaForTokenClassification were not initialized from the model checkpoint at distilroberta-base and are newly initialized: ['classifier.bias', 'classifier.weight']
You should probably TRAIN this model on a down-stream task to be able to use it for predictions and inference.

Epoch 1/5:   0%|          | 0/86 [00:00<?, ?it/s]
Epoch 1/5:   1%|          | 1/86 [00:00<00:26,  3.24it/s]
Epoch 1/5:   3%|▎         | 3/86 [00:00<00:09,  8.42it/s]
Epoch 1/5:   6%|▌         | 5/86 [00:00<00:06, 11.85it/s]
Epoch 1/5:   8%|▊         | 7/86 [00:00<00:05, 14.18it/s]
Epoch 1/5:  10%|█         | 9/86 [00:00<00:04, 15.79it/s]
Epoch 1/5:  13%|█▎        | 11/86 [00:00<00:04, 16.83it/s]
Epoch 1/5:  15%|█▌        | 13/86 [00:00<00:04, 17.49it/s]
Epoch 1/5:  19%|█▊        | 16/86 [00:01<00:03, 18.99it/s]
Epoch 1/5:  22%|██▏       | 19/86 [00:01<00:03, 19.18it/s]
Epoch 1/5:  24%|██▍       | 21/86 [00:01<00:03, 19.16it/s]
Epoch 1/5:  27%|██▋       | 23/86 [00:01<00:03, 18.85it/s]
Epoch 1/5:  30%|███       | 26/86 [00:01<00:03, 19.19it/s]
Epoch 1/5:  34%|███▎      | 29/86 [00:01<00:02, 19.71it/s]
Epoch 1/5:  37%|███▋      | 32/86 [00:01<00:02, 20.24it/s]
Epoch 1/5:  41%|████      | 35/86 [00:02<00:02, 20.72it/s]
Epoch 1/5:  44%|████▍     | 38/86 [00:02<00:02, 19.93it/s]
Epoch 1/5:  48%|████▊     | 41/86 [00:02<00:02, 19.90it/s]
Epoch 1/5:  50%|█████     | 43/86 [00:02<00:02, 19.79it/s]
Epoch 1/5:  52%|█████▏    | 45/86 [00:02<00:02, 19.76it/s]
Epoch 1/5:  55%|█████▍    | 47/86 [00:02<00:01, 19.69it/s]
Epoch 1/5:  58%|█████▊    | 50/86 [00:02<00:01, 20.05it/s]
Epoch 1/5:  62%|██████▏   | 53/86 [00:02<00:01, 20.33it/s]
Epoch 1/5:  65%|██████▌   | 56/86 [00:03<00:01, 19.95it/s]
Epoch 1/5:  69%|██████▊   | 59/86 [00:03<00:01, 19.87it/s]
Epoch 1/5:  71%|███████   | 61/86 [00:03<00:01, 19.85it/s]
Epoch 1/5:  74%|███████▍  | 64/86 [00:03<00:01, 20.00it/s]
Epoch 1/5:  78%|███████▊  | 67/86 [00:03<00:00, 19.76it/s]
Epoch 1/5:  81%|████████▏ | 70/86 [00:03<00:00, 19.79it/s]
Epoch 1/5:  84%|████████▎ | 72/86 [00:03<00:00, 19.49it/s]
Epoch 1/5:  86%|████████▌ | 74/86 [00:04<00:00, 19.28it/s]
Epoch 1/5:  88%|████████▊ | 76/86 [00:04<00:00, 19.10it/s]
Epoch 1/5:  91%|█████████ | 78/86 [00:04<00:00, 19.12it/s]
Epoch 1/5:  93%|█████████▎| 80/86 [00:04<00:00, 19.25it/s]
Epoch 1/5:  97%|█████████▋| 83/86 [00:04<00:00, 19.85it/s]
Epoch 1/5:  99%|█████████▉| 85/86 [00:04<00:00, 19.78it/s]
Epoch 1/5: 100%|██████████| 86/86 [00:04<00:00, 18.61it/s]
Epoch 1 average loss: 0.9311

Epoch 2/5:   0%|          | 0/86 [00:00<?, ?it/s]
Epoch 2/5:   3%|▎         | 3/86 [00:00<00:03, 20.99it/s]
Epoch 2/5:   7%|▋         | 6/86 [00:00<00:04, 19.57it/s]
Epoch 2/5:  10%|█         | 9/86 [00:00<00:03, 19.78it/s]
Epoch 2/5:  13%|█▎        | 11/86 [00:00<00:03, 19.69it/s]
Epoch 2/5:  15%|█▌        | 13/86 [00:00<00:03, 19.56it/s]
Epoch 2/5:  19%|█▊        | 16/86 [00:00<00:03, 19.77it/s]
Epoch 2/5:  21%|██        | 18/86 [00:00<00:03, 19.34it/s]
Epoch 2/5:  24%|██▍       | 21/86 [00:01<00:03, 19.66it/s]
Epoch 2/5:  28%|██▊       | 24/86 [00:01<00:03, 19.71it/s]
Epoch 2/5:  30%|███       | 26/86 [00:01<00:03, 19.62it/s]
Epoch 2/5:  34%|███▎      | 29/86 [00:01<00:02, 20.51it/s]
Epoch 2/5:  37%|███▋      | 32/86 [00:01<00:02, 20.18it/s]
Epoch 2/5:  41%|████      | 35/86 [00:01<00:02, 20.00it/s]
Epoch 2/5:  44%|████▍     | 38/86 [00:01<00:02, 20.18it/s]
Epoch 2/5:  48%|████▊     | 41/86 [00:02<00:02, 19.69it/s]
Epoch 2/5:  51%|█████     | 44/86 [00:02<00:02, 20.28it/s]
Epoch 2/5:  55%|█████▍    | 47/86 [00:02<00:01, 20.51it/s]
Epoch 2/5:  58%|█████▊    | 50/86 [00:02<00:01, 21.00it/s]
Epoch 2/5:  62%|██████▏   | 53/86 [00:02<00:01, 20.44it/s]
Epoch 2/5:  65%|██████▌   | 56/86 [00:02<00:01, 20.04it/s]
Epoch 2/5:  69%|██████▊   | 59/86 [00:02<00:01, 20.11it/s]
Epoch 2/5:  72%|███████▏  | 62/86 [00:03<00:01, 20.17it/s]
Epoch 2/5:  76%|███████▌  | 65/86 [00:03<00:01, 20.33it/s]
Epoch 2/5:  79%|███████▉  | 68/86 [00:03<00:00, 19.77it/s]
Epoch 2/5:  81%|████████▏ | 70/86 [00:03<00:00, 19.49it/s]
Epoch 2/5:  85%|████████▍ | 73/86 [00:03<00:00, 19.99it/s]
Epoch 2/5:  87%|████████▋ | 75/86 [00:03<00:00, 19.95it/s]
Epoch 2/5:  91%|█████████ | 78/86 [00:03<00:00, 19.91it/s]
Epoch 2/5:  94%|█████████▍| 81/86 [00:04<00:00, 20.17it/s]
Epoch 2/5:  98%|█████████▊| 84/86 [00:04<00:00, 19.69it/s]
Epoch 2/5: 100%|██████████| 86/86 [00:04<00:00, 19.55it/s]
Epoch 2/5: 100%|██████████| 86/86 [00:04<00:00, 19.96it/s]
Epoch 2 average loss: 0.0158

Epoch 3/5:   0%|          | 0/86 [00:00<?, ?it/s]
Epoch 3/5:   2%|▏         | 2/86 [00:00<00:04, 19.75it/s]
Epoch 3/5:   5%|▍         | 4/86 [00:00<00:04, 19.16it/s]
Epoch 3/5:   8%|▊         | 7/86 [00:00<00:04, 19.49it/s]
Epoch 3/5:  12%|█▏        | 10/86 [00:00<00:03, 20.22it/s]
Epoch 3/5:  15%|█▌        | 13/86 [00:00<00:03, 20.33it/s]
Epoch 3/5:  19%|█▊        | 16/86 [00:00<00:03, 19.84it/s]
Epoch 3/5:  21%|██        | 18/86 [00:00<00:03, 19.62it/s]
Epoch 3/5:  24%|██▍       | 21/86 [00:01<00:03, 19.97it/s]
Epoch 3/5:  28%|██▊       | 24/86 [00:01<00:03, 19.90it/s]
Epoch 3/5:  31%|███▏      | 27/86 [00:01<00:02, 20.45it/s]
Epoch 3/5:  35%|███▍      | 30/86 [00:01<00:02, 19.85it/s]
Epoch 3/5:  37%|███▋      | 32/86 [00:01<00:02, 19.60it/s]
Epoch 3/5:  40%|███▉      | 34/86 [00:01<00:02, 19.35it/s]
Epoch 3/5:  42%|████▏     | 36/86 [00:01<00:02, 19.38it/s]
Epoch 3/5:  44%|████▍     | 38/86 [00:01<00:02, 19.49it/s]
Epoch 3/5:  47%|████▋     | 40/86 [00:02<00:02, 19.54it/s]
Epoch 3/5:  49%|████▉     | 42/86 [00:02<00:02, 19.12it/s]
Epoch 3/5:  52%|█████▏    | 45/86 [00:02<00:02, 19.90it/s]
Epoch 3/5:  56%|█████▌    | 48/86 [00:02<00:01, 19.74it/s]
Epoch 3/5:  58%|█████▊    | 50/86 [00:02<00:01, 19.62it/s]
Epoch 3/5:  62%|██████▏   | 53/86 [00:02<00:01, 19.90it/s]
Epoch 3/5:  64%|██████▍   | 55/86 [00:02<00:01, 19.37it/s]
Epoch 3/5:  67%|██████▋   | 58/86 [00:02<00:01, 19.85it/s]
Epoch 3/5:  71%|███████   | 61/86 [00:03<00:01, 20.04it/s]
Epoch 3/5:  73%|███████▎  | 63/86 [00:03<00:01, 19.92it/s]
Epoch 3/5:  76%|███████▌  | 65/86 [00:03<00:01, 19.27it/s]
Epoch 3/5:  78%|███████▊  | 67/86 [00:03<00:00, 19.31it/s]
Epoch 3/5:  81%|████████▏ | 70/86 [00:03<00:00, 19.44it/s]
Epoch 3/5:  85%|████████▍ | 73/86 [00:03<00:00, 19.69it/s]
Epoch 3/5:  88%|████████▊ | 76/86 [00:03<00:00, 20.27it/s]
Epoch 3/5:  92%|█████████▏| 79/86 [00:03<00:00, 20.49it/s]
Epoch 3/5:  95%|█████████▌| 82/86 [00:04<00:00, 20.27it/s]
Epoch 3/5:  99%|█████████▉| 85/86 [00:04<00:00, 20.01it/s]
Epoch 3/5: 100%|██████████| 86/86 [00:04<00:00, 19.81it/s]
Epoch 3 average loss: 0.0062

Epoch 4/5:   0%|          | 0/86 [00:00<?, ?it/s]
Epoch 4/5:   2%|▏         | 2/86 [00:00<00:04, 19.05it/s]
Epoch 4/5:   6%|▌         | 5/86 [00:00<00:04, 20.09it/s]
Epoch 4/5:   9%|▉         | 8/86 [00:00<00:03, 21.45it/s]
Epoch 4/5:  13%|█▎        | 11/86 [00:00<00:03, 20.16it/s]
Epoch 4/5:  16%|█▋        | 14/86 [00:00<00:03, 19.75it/s]
Epoch 4/5:  20%|█▉        | 17/86 [00:00<00:03, 20.04it/s]
Epoch 4/5:  23%|██▎       | 20/86 [00:01<00:03, 19.57it/s]
Epoch 4/5:  27%|██▋       | 23/86 [00:01<00:03, 19.93it/s]
Epoch 4/5:  30%|███       | 26/86 [00:01<00:03, 19.93it/s]
Epoch 4/5:  33%|███▎      | 28/86 [00:01<00:02, 19.84it/s]
Epoch 4/5:  35%|███▍      | 30/86 [00:01<00:02, 19.37it/s]
Epoch 4/5:  37%|███▋      | 32/86 [00:01<00:02, 19.09it/s]
Epoch 4/5:  41%|████      | 35/86 [00:01<00:02, 19.54it/s]
Epoch 4/5:  44%|████▍     | 38/86 [00:01<00:02, 20.22it/s]
Epoch 4/5:  48%|████▊     | 41/86 [00:02<00:02, 20.24it/s]
Epoch 4/5:  51%|█████     | 44/86 [00:02<00:02, 19.99it/s]
Epoch 4/5:  53%|█████▎    | 46/86 [00:02<00:02, 19.50it/s]
Epoch 4/5:  56%|█████▌    | 48/86 [00:02<00:01, 19.22it/s]
Epoch 4/5:  58%|█████▊    | 50/86 [00:02<00:01, 19.28it/s]
Epoch 4/5:  60%|██████    | 52/86 [00:02<00:01, 19.34it/s]
Epoch 4/5:  64%|██████▍   | 55/86 [00:02<00:01, 20.00it/s]
Epoch 4/5:  67%|██████▋   | 58/86 [00:02<00:01, 20.49it/s]
Epoch 4/5:  71%|███████   | 61/86 [00:03<00:01, 20.26it/s]
Epoch 4/5:  74%|███████▍  | 64/86 [00:03<00:01, 19.88it/s]
Epoch 4/5:  77%|███████▋  | 66/86 [00:03<00:01, 19.85it/s]
Epoch 4/5:  79%|███████▉  | 68/86 [00:03<00:00, 19.77it/s]
Epoch 4/5:  81%|████████▏ | 70/86 [00:03<00:00, 19.69it/s]
Epoch 4/5:  84%|████████▎ | 72/86 [00:03<00:00, 19.71it/s]
Epoch 4/5:  87%|████████▋ | 75/86 [00:03<00:00, 20.23it/s]
Epoch 4/5:  91%|█████████ | 78/86 [00:03<00:00, 20.05it/s]
Epoch 4/5:  94%|█████████▍| 81/86 [00:04<00:00, 20.18it/s]
Epoch 4/5:  98%|█████████▊| 84/86 [00:04<00:00, 20.16it/s]
Epoch 4/5: 100%|██████████| 86/86 [00:04<00:00, 19.87it/s]
Epoch 4 average loss: 0.0044

Epoch 5/5:   0%|          | 0/86 [00:00<?, ?it/s]
Epoch 5/5:   3%|▎         | 3/86 [00:00<00:04, 20.31it/s]
Epoch 5/5:   7%|▋         | 6/86 [00:00<00:03, 21.24it/s]
Epoch 5/5:  10%|█         | 9/86 [00:00<00:03, 20.24it/s]
Epoch 5/5:  14%|█▍        | 12/86 [00:00<00:03, 19.39it/s]
Epoch 5/5:  16%|█▋        | 14/86 [00:00<00:03, 19.43it/s]
Epoch 5/5:  19%|█▊        | 16/86 [00:00<00:03, 19.38it/s]
Epoch 5/5:  22%|██▏       | 19/86 [00:00<00:03, 19.68it/s]
Epoch 5/5:  26%|██▌       | 22/86 [00:01<00:03, 20.03it/s]
Epoch 5/5:  29%|██▉       | 25/86 [00:01<00:03, 20.01it/s]
Epoch 5/5:  31%|███▏      | 27/86 [00:01<00:03, 19.59it/s]
Epoch 5/5:  35%|███▍      | 30/86 [00:01<00:02, 19.78it/s]
Epoch 5/5:  37%|███▋      | 32/86 [00:01<00:02, 19.71it/s]
Epoch 5/5:  40%|███▉      | 34/86 [00:01<00:02, 19.66it/s]
Epoch 5/5:  43%|████▎     | 37/86 [00:01<00:02, 20.30it/s]
Epoch 5/5:  47%|████▋     | 40/86 [00:01<00:02, 20.58it/s]
Epoch 5/5:  50%|█████     | 43/86 [00:02<00:02, 20.19it/s]
Epoch 5/5:  53%|█████▎    | 46/86 [00:02<00:02, 19.77it/s]
Epoch 5/5:  56%|█████▌    | 48/86 [00:02<00:01, 19.69it/s]
Epoch 5/5:  58%|█████▊    | 50/86 [00:02<00:01, 19.23it/s]
Epoch 5/5:  60%|██████    | 52/86 [00:02<00:01, 19.26it/s]
Epoch 5/5:  64%|██████▍   | 55/86 [00:02<00:01, 19.92it/s]
Epoch 5/5:  67%|██████▋   | 58/86 [00:02<00:01, 20.20it/s]
Epoch 5/5:  71%|███████   | 61/86 [00:03<00:01, 19.57it/s]
Epoch 5/5:  73%|███████▎  | 63/86 [00:03<00:01, 19.58it/s]
Epoch 5/5:  76%|███████▌  | 65/86 [00:03<00:01, 19.55it/s]
Epoch 5/5:  78%|███████▊  | 67/86 [00:03<00:00, 19.51it/s]
Epoch 5/5:  81%|████████▏ | 70/86 [00:03<00:00, 19.74it/s]
Epoch 5/5:  85%|████████▍ | 73/86 [00:03<00:00, 20.66it/s]
Epoch 5/5:  88%|████████▊ | 76/86 [00:03<00:00, 20.46it/s]
Epoch 5/5:  92%|█████████▏| 79/86 [00:03<00:00, 19.99it/s]
Epoch 5/5:  95%|█████████▌| 82/86 [00:04<00:00, 19.95it/s]
Epoch 5/5:  98%|█████████▊| 84/86 [00:04<00:00, 19.83it/s]
Epoch 5/5: 100%|██████████| 86/86 [00:04<00:00, 19.87it/s]
Epoch 5 average loss: 0.0035
Saved model + tokenizer to out
Wrote predictions for 172 utterances to out/dev_pred.json
Per-entity metrics:
CITY            P=1.000 R=1.000 F1=1.000
CREDIT_CARD     P=1.000 R=0.045 F1=0.087
DATE            P=1.000 R=1.000 F1=1.000
EMAIL           P=1.000 R=1.000 F1=1.000
LOCATION        P=1.000 R=1.000 F1=1.000
PERSON_NAME     P=1.000 R=1.000 F1=1.000
PHONE           P=1.000 R=0.593 F1=0.745

Macro-F1: 0.833

PII-only metrics: P=1.000 R=0.878 F1=0.935
Non-PII metrics: P=1.000 R=1.000 F1=1.000
Latency over 50 runs (batch_size=1):
  p50: 7.71 ms
  p95: 8.59 ms
Wrote predictions for 100 utterances to out/stress_pred.json
Per-entity metrics:
CITY            P=1.000 R=1.000 F1=1.000
CREDIT_CARD     P=0.000 R=0.000 F1=0.000
DATE            P=1.000 R=1.000 F1=1.000
EMAIL           P=0.925 R=0.925 F1=0.925
PERSON_NAME     P=0.328 R=1.000 F1=0.494
PHONE           P=0.000 R=0.000 F1=0.000

Macro-F1: 0.570

PII-only metrics: P=0.547 R=0.585 F1=0.565
Non-PII metrics: P=0.506 R=1.000 F1=0.672
Latency over 50 runs (batch_size=1):
  p50: 7.77 ms
  p95: 8.04 ms
